

*******************************************************************************
Mon Apr 18 18:29:28 2022


FIT:    data read from "out.txt" index 0 using 1:2
        format = x:z
        #datapoints = 30
        residuals are weighted equally (unit weight)

function used for fitting: f(x)
	f(x) = a*x*x*x+b
fitted parameters initialized with current variable values

iter      chisq       delta/lim  lambda   a             b            
   0 3.5009013017e+15   0.00e+00  7.64e+06    1.000000e+00   1.000000e+00
   4 4.0141481779e+01  -3.35e-02  7.64e+02    4.272198e-06   9.999996e-01

After 4 iterations the fit converged.
final sum of squares of residuals : 40.1415
rel. change during last iteration : -3.35082e-07

degrees of freedom    (FIT_NDF)                        : 28
rms of residuals      (FIT_STDFIT) = sqrt(WSSR/ndf)    : 1.19734
variance of residuals (reduced chisquare) = WSSR/ndf   : 1.43362

Final set of parameters            Asymptotic Standard Error
=======================            ==========================
a               = 4.2722e-06       +/- 2.717e-08    (0.6359%)
b               = 1                +/- 0.2935       (29.35%)

correlation matrix of the fit parameters:
                a      b      
a               1.000 
b              -0.667  1.000 
